e:\fxcx\practice\flatbuffers\flatbuffer_src\flatbuffers\release\vc140.pdb
e:\fxcx\practice\flatbuffers\flatbuffer_src\flatbuffers\release\util.obj
e:\fxcx\practice\flatbuffers\flatbuffer_src\flatbuffers\release\reflection.obj
e:\fxcx\practice\flatbuffers\flatbuffer_src\flatbuffers\release\idl_parser.obj
e:\fxcx\practice\flatbuffers\flatbuffer_src\flatbuffers\release\idl_gen_text.obj
e:\fxcx\practice\flatbuffers\flatbuffer_src\flatbuffers\release\idl_gen_python.obj
e:\fxcx\practice\flatbuffers\flatbuffer_src\flatbuffers\release\idl_gen_php.obj
e:\fxcx\practice\flatbuffers\flatbuffer_src\flatbuffers\release\idl_gen_json_schema.obj
e:\fxcx\practice\flatbuffers\flatbuffer_src\flatbuffers\release\idl_gen_js.obj
e:\fxcx\practice\flatbuffers\flatbuffer_src\flatbuffers\release\idl_gen_grpc.obj
e:\fxcx\practice\flatbuffers\flatbuffer_src\flatbuffers\release\idl_gen_go.obj
e:\fxcx\practice\flatbuffers\flatbuffer_src\flatbuffers\release\idl_gen_general.obj
e:\fxcx\practice\flatbuffers\flatbuffer_src\flatbuffers\release\idl_gen_fbs.obj
e:\fxcx\practice\flatbuffers\flatbuffer_src\flatbuffers\release\idl_gen_cpp.obj
e:\fxcx\practice\flatbuffers\flatbuffer_src\flatbuffers\release\flathash.obj
e:\fxcx\practice\flatbuffers\flatbuffer_src\flatbuffers\release\flatc_main.obj
e:\fxcx\practice\flatbuffers\flatbuffer_src\flatbuffers\release\flatc.obj
e:\fxcx\practice\flatbuffers\flatbuffer_src\flatbuffers\release\code_generators.obj
e:\fxcx\practice\flatbuffers\flatbuffer_src\flatbuffers\release\java_generator.obj
e:\fxcx\practice\flatbuffers\flatbuffer_src\flatbuffers\release\go_generator.obj
e:\fxcx\practice\flatbuffers\flatbuffer_src\flatbuffers\release\cpp_generator.obj
e:\fxcx\practice\flatbuffers\flatbuffer_src\flatbuffers\release\flatc.exe
e:\fxcx\practice\flatbuffers\flatbuffer_src\flatbuffers\release\flatc.ipdb
e:\fxcx\practice\flatbuffers\flatbuffer_src\flatbuffers\release\flatc.iobj
e:\fxcx\practice\flatbuffers\flatbuffer_src\flatbuffers\release\flatc.pdb
e:\fxcx\practice\flatbuffers\flatbuffer_src\flatbuffers\release\flatbuffers.tlog\cl.command.1.tlog
e:\fxcx\practice\flatbuffers\flatbuffer_src\flatbuffers\release\flatbuffers.tlog\cl.read.1.tlog
e:\fxcx\practice\flatbuffers\flatbuffer_src\flatbuffers\release\flatbuffers.tlog\cl.write.1.tlog
e:\fxcx\practice\flatbuffers\flatbuffer_src\flatbuffers\release\flatbuffers.tlog\link.command.1.tlog
e:\fxcx\practice\flatbuffers\flatbuffer_src\flatbuffers\release\flatbuffers.tlog\link.read.1.tlog
e:\fxcx\practice\flatbuffers\flatbuffer_src\flatbuffers\release\flatbuffers.tlog\link.write.1.tlog
